<?xml version="1.0" encoding="UTF-8"?>
<testng-results ignored="0" total="2" passed="2" failed="0" skipped="0">
  <reporter-output>
  </reporter-output>
  <suite started-at="2023-05-11T17:46:57 IST" name="test cases" finished-at="2023-05-11T17:46:57 IST" duration-ms="45">
    <groups>
    </groups>
    <test started-at="2023-05-11T17:46:57 IST" name="Sample Test cases" finished-at="2023-05-11T17:46:57 IST" duration-ms="45">
      <class name="com.sgtesting.tests.SampleTestCases">
        <test-method signature="method1()[pri:0, instance:com.sgtesting.tests.SampleTestCases@5fd4f8f5]" started-at="2023-05-11T17:46:57 IST" name="method1" finished-at="2023-05-11T17:46:57 IST" duration-ms="6" status="PASS">
          <reporter-output>
          </reporter-output>
        </test-method> <!-- method1 -->
        <test-method signature="method2()[pri:0, instance:com.sgtesting.tests.SampleTestCases@5fd4f8f5]" started-at="2023-05-11T17:46:57 IST" name="method2" finished-at="2023-05-11T17:46:57 IST" duration-ms="1" status="PASS">
          <reporter-output>
          </reporter-output>
        </test-method> <!-- method2 -->
      </class> <!-- com.sgtesting.tests.SampleTestCases -->
    </test> <!-- Sample Test cases -->
  </suite> <!-- test cases -->
</testng-results>
